{
  "RSpec": {
    "coverage": {
      "/mnt/c/SOA/GoogleNews/init.rb": {
        "lines": [
          null,
          null,
          1,
          2,
          null
        ]
      },
      "/mnt/c/SOA/GoogleNews/config/init.rb": {
        "lines": [
          null,
          null,
          1
        ]
      },
      "/mnt/c/SOA/GoogleNews/config/environment.rb": {
        "lines": [
          null,
          null,
          1,
          1,
          1,
          null,
          1,
          1,
          1,
          null,
          null
        ]
      },
      "/mnt/c/SOA/GoogleNews/app/init.rb": {
        "lines": [
          null,
          null,
          1,
          2,
          null
        ]
      },
      "/mnt/c/SOA/GoogleNews/app/models/init.rb": {
        "lines": [
          null,
          null,
          1,
          3,
          7,
          null,
          null
        ]
      },
      "/mnt/c/SOA/GoogleNews/app/models/entities/article.rb": {
        "lines": [
          null,
          null,
          1,
          1,
          null,
          1,
          1,
          1,
          null,
          1,
          1,
          null,
          1,
          1,
          1,
          null,
          null,
          null
        ]
      },
      "/mnt/c/SOA/GoogleNews/app/models/entities/publish.rb": {
        "lines": [
          null,
          null,
          1,
          1,
          1,
          null,
          1,
          1,
          null,
          1,
          1,
          null,
          1,
          1,
          null,
          null,
          null
        ]
      },
      "/mnt/c/SOA/GoogleNews/app/models/entities/target.rb": {
        "lines": [
          null,
          null,
          1,
          1,
          null,
          1,
          null,
          1,
          1,
          null,
          1,
          1,
          null,
          1,
          1,
          null,
          null,
          null
        ]
      },
      "/mnt/c/SOA/GoogleNews/app/models/mappers/article_mapper.rb": {
        "lines": [
          null,
          null,
          1,
          null,
          1,
          null,
          1,
          null,
          1,
          1,
          null,
          null,
          null,
          null,
          null,
          1,
          3,
          45,
          null,
          null,
          null,
          1,
          45,
          null,
          null,
          null,
          1,
          1,
          45,
          45,
          null,
          null,
          1,
          45,
          null,
          null,
          null,
          null,
          null,
          null,
          null,
          null,
          1,
          null,
          1,
          null,
          45,
          null,
          null,
          1,
          null,
          null,
          null,
          45,
          null,
          null,
          1,
          null,
          45,
          null,
          null,
          null,
          null,
          null
        ]
      },
      "/mnt/c/SOA/GoogleNews/app/models/mappers/publish_mapper.rb": {
        "lines": [
          null,
          null,
          1,
          null,
          1,
          null,
          1,
          null,
          1,
          1,
          null,
          45,
          null,
          null,
          null,
          1,
          45,
          null,
          null,
          null,
          1,
          1,
          45,
          null,
          null,
          1,
          45,
          null,
          null,
          null,
          null,
          null,
          1,
          null,
          1,
          null,
          45,
          null,
          null,
          1,
          null,
          45,
          null,
          null,
          null,
          null,
          null
        ]
      },
      "/mnt/c/SOA/GoogleNews/app/models/mappers/target_mapper.rb": {
        "lines": [
          null,
          null,
          1,
          null,
          1,
          1,
          null,
          1,
          1,
          5,
          5,
          5,
          null,
          null,
          1,
          5,
          3,
          null,
          null,
          1,
          3,
          null,
          null,
          null,
          1,
          1,
          3,
          3,
          3,
          null,
          null,
          1,
          3,
          null,
          null,
          null,
          null,
          null,
          1,
          null,
          1,
          3,
          null,
          null,
          null,
          null,
          null
        ]
      },
      "/mnt/c/SOA/GoogleNews/app/models/gateways/google_news_api.rb": {
        "lines": [
          null,
          null,
          1,
          1,
          null,
          1,
          1,
          null,
          1,
          1,
          5,
          null,
          null,
          1,
          5,
          5,
          null,
          null,
          null,
          1,
          1,
          null,
          1,
          10,
          null,
          null,
          1,
          5,
          5,
          5,
          null,
          5,
          null,
          5,
          null,
          null,
          1,
          null,
          5,
          null,
          null,
          null,
          5,
          5,
          null,
          null,
          null,
          null,
          null,
          1,
          1,
          1,
          1,
          null,
          1,
          null,
          null,
          null,
          null,
          1,
          5,
          null,
          null,
          1,
          2,
          null,
          null,
          null,
          null,
          null
        ]
      },
      "/mnt/c/SOA/GoogleNews/app/controllers/init.rb": {
        "lines": [
          null,
          null,
          1,
          2,
          null
        ]
      },
      "/mnt/c/SOA/GoogleNews/app/controllers/app.rb": {
        "lines": [
          null,
          null,
          1,
          1,
          1,
          null,
          1,
          1,
          null,
          1,
          null,
          1,
          1,
          1,
          1,
          null,
          1,
          0,
          null,
          null,
          0,
          0,
          null,
          null,
          0,
          0,
          null,
          0,
          0,
          0,
          0,
          null,
          null,
          null,
          0,
          null,
          0,
          0,
          null,
          null,
          null,
          0,
          null,
          null,
          null,
          null,
          null,
          null
        ]
      }
    },
    "timestamp": 1635661055
  }
}
