{
  "RSpec": {
    "coverage": {
      "/mnt/c/Users/蔡琮鎰/Desktop/PortfolioAdvisor/api-PortfolioAdvisor/init.rb": {
        "lines": [
          null,
          null,
          1,
          2,
          null
        ]
      },
      "/mnt/c/Users/蔡琮鎰/Desktop/PortfolioAdvisor/api-PortfolioAdvisor/config/init.rb": {
        "lines": [
          null,
          null,
          1
        ]
      },
      "/mnt/c/Users/蔡琮鎰/Desktop/PortfolioAdvisor/api-PortfolioAdvisor/config/environment.rb": {
        "lines": [
          null,
          null,
          1,
          1,
          1,
          1,
          1,
          1,
          null,
          1,
          null,
          1,
          1,
          null,
          null,
          1,
          null,
          null,
          null,
          1,
          1,
          null,
          1,
          1,
          1,
          null,
          null,
          1,
          0,
          null,
          null,
          null,
          null,
          null,
          1,
          null,
          null,
          0,
          null,
          null,
          null,
          null,
          null,
          1,
          0,
          0,
          0,
          null,
          null,
          null,
          1,
          null,
          1,
          null,
          null
        ]
      },
      "/mnt/c/Users/蔡琮鎰/Desktop/PortfolioAdvisor/api-PortfolioAdvisor/app/init.rb": {
        "lines": [
          null,
          null,
          1,
          4,
          null
        ]
      },
      "/mnt/c/Users/蔡琮鎰/Desktop/PortfolioAdvisor/api-PortfolioAdvisor/app/domain/init.rb": {
        "lines": [
          null,
          null,
          1,
          1,
          1,
          null
        ]
      },
      "/mnt/c/Users/蔡琮鎰/Desktop/PortfolioAdvisor/api-PortfolioAdvisor/app/domain/targets/init.rb": {
        "lines": [
          null,
          null,
          1,
          null,
          3,
          11,
          null,
          null
        ]
      },
      "/mnt/c/Users/蔡琮鎰/Desktop/PortfolioAdvisor/api-PortfolioAdvisor/app/domain/targets/entities/article.rb": {
        "lines": [
          null,
          null,
          1,
          1,
          1,
          null,
          1,
          null,
          1,
          1,
          null,
          1,
          1,
          null,
          1,
          1,
          1,
          1,
          1,
          0,
          null,
          null,
          null,
          null
        ]
      },
      "/mnt/c/Users/蔡琮鎰/Desktop/PortfolioAdvisor/api-PortfolioAdvisor/app/domain/targets/entities/content.rb": {
        "lines": [
          null,
          null,
          1,
          1,
          1,
          1,
          null,
          1,
          1,
          null,
          1,
          1,
          120,
          null,
          null,
          1,
          120,
          120,
          null,
          null,
          null,
          null
        ]
      },
      "/mnt/c/Users/蔡琮鎰/Desktop/PortfolioAdvisor/api-PortfolioAdvisor/app/domain/targets/entities/target.rb": {
        "lines": [
          null,
          null,
          1,
          1,
          null,
          1,
          null,
          1,
          1,
          null,
          1,
          1,
          null,
          1,
          1,
          1,
          1,
          null,
          1,
          15,
          null,
          null,
          1,
          15,
          null,
          null,
          null,
          null
        ]
      },
      "/mnt/c/Users/蔡琮鎰/Desktop/PortfolioAdvisor/api-PortfolioAdvisor/app/domain/targets/mappers/article_mapper.rb": {
        "lines": [
          null,
          null,
          1,
          null,
          1,
          null,
          1,
          null,
          1,
          null,
          1,
          1,
          null,
          null,
          1,
          0,
          0,
          null,
          null,
          null,
          null,
          1,
          8,
          120,
          120,
          null,
          null,
          null,
          1,
          120,
          null,
          null,
          null,
          1,
          1,
          120,
          120,
          120,
          null,
          null,
          1,
          120,
          null,
          null,
          null,
          null,
          null,
          null,
          null,
          1,
          null,
          1,
          120,
          null,
          null,
          1,
          120,
          null,
          null,
          1,
          120,
          null,
          null,
          1,
          120,
          null,
          null,
          null,
          null,
          null
        ]
      },
      "/mnt/c/Users/蔡琮鎰/Desktop/PortfolioAdvisor/api-PortfolioAdvisor/app/domain/targets/mappers/content_mapper.rb": {
        "lines": [
          null,
          null,
          1,
          1,
          null,
          1,
          1,
          120,
          120,
          120,
          null,
          null,
          1,
          120,
          null,
          null,
          1,
          120,
          120,
          null,
          null,
          null,
          null,
          1,
          1,
          120,
          null,
          null,
          1,
          120,
          null,
          null,
          null,
          null,
          null,
          null
        ]
      },
      "/mnt/c/Users/蔡琮鎰/Desktop/PortfolioAdvisor/api-PortfolioAdvisor/app/domain/targets/mappers/target_mapper.rb": {
        "lines": [
          null,
          null,
          1,
          null,
          1,
          null,
          1,
          1,
          null,
          1,
          1,
          10,
          10,
          10,
          null,
          null,
          1,
          10,
          8,
          null,
          null,
          1,
          8,
          null,
          null,
          null,
          1,
          1,
          8,
          8,
          8,
          8,
          null,
          null,
          1,
          8,
          null,
          null,
          null,
          null,
          null,
          null,
          null,
          1,
          null,
          1,
          8,
          8,
          8,
          8,
          120,
          120,
          null,
          8,
          8,
          null,
          null,
          1,
          null,
          null,
          null,
          null,
          null,
          null
        ]
      },
      "/mnt/c/Users/蔡琮鎰/Desktop/PortfolioAdvisor/api-PortfolioAdvisor/app/domain/targets/repositories/articles.rb": {
        "lines": [
          null,
          null,
          1,
          1,
          null,
          1,
          1,
          0,
          null,
          null,
          1,
          0,
          null,
          0,
          null,
          null,
          null,
          null,
          null,
          null,
          null,
          null,
          null,
          1,
          0,
          0,
          null,
          null,
          null,
          1,
          45,
          null,
          null,
          null,
          null
        ]
      },
      "/mnt/c/Users/蔡琮鎰/Desktop/PortfolioAdvisor/api-PortfolioAdvisor/app/domain/targets/repositories/for.rb": {
        "lines": [
          null,
          null,
          1,
          1,
          null,
          1,
          1,
          null,
          1,
          null,
          1,
          null,
          null,
          null,
          1,
          7,
          null,
          null,
          1,
          9,
          null,
          null,
          null,
          null
        ]
      },
      "/mnt/c/Users/蔡琮鎰/Desktop/PortfolioAdvisor/api-PortfolioAdvisor/app/domain/targets/repositories/targets.rb": {
        "lines": [
          null,
          null,
          1,
          1,
          null,
          1,
          1,
          0,
          null,
          null,
          1,
          0,
          null,
          null,
          0,
          null,
          null,
          1,
          19,
          null,
          null,
          null,
          null,
          1,
          4,
          4,
          null,
          null,
          null,
          1,
          4,
          null,
          null,
          1,
          0,
          0,
          null,
          null,
          1,
          4,
          null,
          3,
          null,
          null,
          null,
          1,
          1,
          3,
          null,
          null,
          1,
          3,
          null,
          null,
          1,
          3,
          null,
          null,
          1,
          3,
          3,
          3,
          null,
          3,
          45,
          null,
          null,
          null,
          null,
          1,
          0,
          null,
          0,
          0,
          null,
          null,
          0,
          0,
          null,
          null,
          null,
          null,
          null,
          null
        ]
      },
      "/mnt/c/Users/蔡琮鎰/Desktop/PortfolioAdvisor/api-PortfolioAdvisor/app/domain/targets/repositories/histories.rb": {
        "lines": [
          null,
          null,
          1,
          1,
          null,
          1,
          1,
          0,
          null,
          null,
          1,
          0,
          null,
          null,
          1,
          2,
          null,
          null,
          null,
          0,
          null,
          null,
          null,
          1,
          0,
          null,
          null,
          null,
          null
        ]
      },
      "/mnt/c/Users/蔡琮鎰/Desktop/PortfolioAdvisor/api-PortfolioAdvisor/app/domain/targets/repositories/init.rb": {
        "lines": [
          null,
          null,
          1,
          5,
          null
        ]
      },
      "/mnt/c/Users/蔡琮鎰/Desktop/PortfolioAdvisor/api-PortfolioAdvisor/app/infrastructure/init.rb": {
        "lines": [
          null,
          null,
          1,
          1,
          5,
          null
        ]
      },
      "/mnt/c/Users/蔡琮鎰/Desktop/PortfolioAdvisor/api-PortfolioAdvisor/app/infrastructure/google_news/init.rb": {
        "lines": [
          null,
          null,
          1,
          2,
          null
        ]
      },
      "/mnt/c/Users/蔡琮鎰/Desktop/PortfolioAdvisor/api-PortfolioAdvisor/app/infrastructure/google_news/google_news_api.rb": {
        "lines": [
          null,
          null,
          1,
          1,
          null,
          1,
          1,
          null,
          1,
          1,
          10,
          null,
          null,
          1,
          10,
          10,
          null,
          null,
          null,
          1,
          1,
          null,
          1,
          20,
          20,
          null,
          null,
          1,
          10,
          10,
          null,
          null,
          1,
          null,
          10,
          null,
          null,
          null,
          10,
          10,
          null,
          null,
          null,
          null,
          null,
          1,
          1,
          1,
          1,
          null,
          1,
          null,
          null,
          null,
          null,
          1,
          10,
          null,
          null,
          1,
          2,
          null,
          null,
          null,
          null,
          null
        ]
      },
      "/mnt/c/Users/蔡琮鎰/Desktop/PortfolioAdvisor/api-PortfolioAdvisor/app/infrastructure/crawler/init.rb": {
        "lines": [
          null,
          null,
          1,
          2,
          null
        ]
      },
      "/mnt/c/Users/蔡琮鎰/Desktop/PortfolioAdvisor/api-PortfolioAdvisor/app/infrastructure/crawler/crawler.rb": {
        "lines": [
          null,
          null,
          1,
          1,
          1,
          1,
          1,
          null,
          1,
          1,
          null,
          1,
          121,
          null,
          null,
          1,
          121,
          112,
          112,
          null,
          null,
          null,
          1,
          1,
          1,
          null,
          null,
          1,
          121,
          121,
          120,
          null,
          null,
          null,
          null
        ]
      },
      "/mnt/c/Users/蔡琮鎰/Desktop/PortfolioAdvisor/api-PortfolioAdvisor/app/infrastructure/database/init.rb": {
        "lines": [
          null,
          null,
          1,
          1,
          1,
          null
        ]
      },
      "/mnt/c/Users/蔡琮鎰/Desktop/PortfolioAdvisor/api-PortfolioAdvisor/app/infrastructure/database/orms/init.rb": {
        "lines": [
          null,
          null,
          1,
          4,
          null
        ]
      },
      "/mnt/c/Users/蔡琮鎰/Desktop/PortfolioAdvisor/api-PortfolioAdvisor/app/infrastructure/database/orms/article_orm.rb": {
        "lines": [
          null,
          null,
          1,
          null,
          1,
          1,
          null,
          1,
          1,
          null,
          null,
          1,
          null,
          1,
          45,
          null,
          null,
          null,
          null
        ]
      },
      "/mnt/c/Users/蔡琮鎰/Desktop/PortfolioAdvisor/api-PortfolioAdvisor/app/infrastructure/database/orms/history_orm.rb": {
        "lines": [
          null,
          null,
          1,
          null,
          1,
          1,
          null,
          1,
          1,
          null,
          null,
          1,
          null,
          1,
          0,
          null,
          null,
          null,
          null
        ]
      },
      "/mnt/c/Users/蔡琮鎰/Desktop/PortfolioAdvisor/api-PortfolioAdvisor/app/infrastructure/database/orms/target_orm.rb": {
        "lines": [
          null,
          null,
          1,
          null,
          1,
          1,
          null,
          1,
          1,
          null,
          null,
          null,
          1,
          null,
          null,
          null,
          1,
          null,
          null,
          null
        ]
      },
      "/mnt/c/Users/蔡琮鎰/Desktop/PortfolioAdvisor/api-PortfolioAdvisor/app/infrastructure/cache/init.rb": {
        "lines": [
          null,
          null,
          1,
          2,
          null
        ]
      },
      "/mnt/c/Users/蔡琮鎰/Desktop/PortfolioAdvisor/api-PortfolioAdvisor/app/infrastructure/cache/redis_cache.rb": {
        "lines": [
          null,
          null,
          1,
          null,
          1,
          1,
          null,
          1,
          1,
          0,
          null,
          null,
          1,
          0,
          null,
          null,
          1,
          0,
          null,
          null,
          null,
          null
        ]
      },
      "/mnt/c/Users/蔡琮鎰/Desktop/PortfolioAdvisor/api-PortfolioAdvisor/app/infrastructure/messaging/init.rb": {
        "lines": [
          null,
          null,
          1,
          2,
          null,
          null
        ]
      },
      "/mnt/c/Users/蔡琮鎰/Desktop/PortfolioAdvisor/api-PortfolioAdvisor/app/infrastructure/messaging/queue.rb": {
        "lines": [
          null,
          null,
          1,
          null,
          1,
          1,
          null,
          null,
          1,
          1,
          null,
          1,
          5,
          5,
          null,
          null,
          null,
          null,
          5,
          null,
          null,
          null,
          null,
          null,
          null,
          1,
          5,
          null,
          null,
          null,
          null,
          null,
          null,
          1,
          0,
          0,
          0,
          null,
          null,
          null,
          null,
          null
        ]
      },
      "/mnt/c/Users/蔡琮鎰/Desktop/PortfolioAdvisor/api-PortfolioAdvisor/app/presentation/init.rb": {
        "lines": [
          null,
          null,
          1,
          1,
          2,
          null
        ]
      },
      "/mnt/c/Users/蔡琮鎰/Desktop/PortfolioAdvisor/api-PortfolioAdvisor/app/presentation/responses/init.rb": {
        "lines": [
          null,
          null,
          1,
          6,
          null
        ]
      },
      "/mnt/c/Users/蔡琮鎰/Desktop/PortfolioAdvisor/api-PortfolioAdvisor/app/presentation/responses/api_result.rb": {
        "lines": [
          null,
          null,
          1,
          1,
          1,
          null,
          null,
          null,
          1,
          null,
          null,
          null,
          null,
          1,
          null,
          null,
          1,
          1,
          21,
          null,
          19,
          null,
          null,
          null,
          null
        ]
      },
      "/mnt/c/Users/蔡琮鎰/Desktop/PortfolioAdvisor/api-PortfolioAdvisor/app/presentation/responses/history_score.rb": {
        "lines": [
          null,
          null,
          1,
          1,
          null,
          1,
          null,
          null
        ]
      },
      "/mnt/c/Users/蔡琮鎰/Desktop/PortfolioAdvisor/api-PortfolioAdvisor/app/presentation/responses/news_request.rb": {
        "lines": [
          null,
          null,
          1,
          1,
          1,
          null,
          null,
          null
        ]
      },
      "/mnt/c/Users/蔡琮鎰/Desktop/PortfolioAdvisor/api-PortfolioAdvisor/app/presentation/responses/target_article_score.rb": {
        "lines": [
          null,
          null,
          1,
          1,
          null,
          1,
          null,
          null
        ]
      },
      "/mnt/c/Users/蔡琮鎰/Desktop/PortfolioAdvisor/api-PortfolioAdvisor/app/presentation/responses/targets_list.rb": {
        "lines": [
          null,
          null,
          1,
          1,
          null,
          1,
          null,
          null
        ]
      },
      "/mnt/c/Users/蔡琮鎰/Desktop/PortfolioAdvisor/api-PortfolioAdvisor/app/presentation/representers/init.rb": {
        "lines": [
          null,
          null,
          1,
          9,
          null
        ]
      },
      "/mnt/c/Users/蔡琮鎰/Desktop/PortfolioAdvisor/api-PortfolioAdvisor/app/presentation/representers/article_representer.rb": {
        "lines": [
          null,
          null,
          1,
          1,
          null,
          1,
          1,
          1,
          1,
          null,
          1,
          1,
          1,
          1,
          null,
          null,
          null
        ]
      },
      "/mnt/c/Users/蔡琮鎰/Desktop/PortfolioAdvisor/api-PortfolioAdvisor/app/presentation/representers/histories_representer.rb": {
        "lines": [
          null,
          null,
          1,
          1,
          null,
          1,
          1,
          null,
          1,
          1,
          null,
          1,
          1,
          null,
          1,
          null,
          null,
          null,
          null
        ]
      },
      "/mnt/c/Users/蔡琮鎰/Desktop/PortfolioAdvisor/api-PortfolioAdvisor/app/presentation/representers/openstruct_with_links.rb": {
        "lines": [
          null,
          null,
          1,
          1,
          null,
          1,
          1,
          null,
          null,
          null
        ]
      },
      "/mnt/c/Users/蔡琮鎰/Desktop/PortfolioAdvisor/api-PortfolioAdvisor/app/presentation/representers/history_representer.rb": {
        "lines": [
          null,
          null,
          1,
          1,
          null,
          null,
          1,
          1,
          null,
          1,
          1,
          1,
          1,
          null,
          1,
          1,
          null,
          null,
          null
        ]
      },
      "/mnt/c/Users/蔡琮鎰/Desktop/PortfolioAdvisor/api-PortfolioAdvisor/app/presentation/representers/http_response_representer.rb": {
        "lines": [
          null,
          null,
          1,
          1,
          null,
          1,
          1,
          null,
          null,
          null,
          null,
          null,
          1,
          1,
          null,
          1,
          1,
          null,
          1,
          null,
          null,
          null,
          null,
          null,
          null,
          null,
          null,
          null,
          null,
          null,
          null,
          null,
          null,
          1,
          9,
          null,
          null,
          null,
          null
        ]
      },
      "/mnt/c/Users/蔡琮鎰/Desktop/PortfolioAdvisor/api-PortfolioAdvisor/app/presentation/representers/target_representer.rb": {
        "lines": [
          null,
          null,
          1,
          1,
          null,
          1,
          null,
          null,
          1,
          1,
          null,
          1,
          1,
          1,
          1,
          null,
          1,
          1,
          1,
          1,
          null,
          1,
          1,
          null,
          null,
          1,
          1,
          null,
          null,
          null,
          null
        ]
      },
      "/mnt/c/Users/蔡琮鎰/Desktop/PortfolioAdvisor/api-PortfolioAdvisor/app/presentation/representers/target_request_representer.rb": {
        "lines": [
          null,
          null,
          1,
          1,
          null,
          null,
          1,
          1,
          null,
          1,
          1,
          null,
          1,
          1,
          null,
          null,
          null
        ]
      },
      "/mnt/c/Users/蔡琮鎰/Desktop/PortfolioAdvisor/api-PortfolioAdvisor/app/presentation/representers/targets_representer.rb": {
        "lines": [
          null,
          null,
          1,
          1,
          null,
          1,
          1,
          null,
          1,
          1,
          null,
          1,
          1,
          null,
          1,
          null,
          null,
          null,
          null
        ]
      },
      "/mnt/c/Users/蔡琮鎰/Desktop/PortfolioAdvisor/api-PortfolioAdvisor/app/application/init.rb": {
        "lines": [
          null,
          null,
          1,
          1,
          3,
          null
        ]
      },
      "/mnt/c/Users/蔡琮鎰/Desktop/PortfolioAdvisor/api-PortfolioAdvisor/app/application/requests/init.rb": {
        "lines": [
          null,
          null,
          1,
          4,
          null
        ]
      },
      "/mnt/c/Users/蔡琮鎰/Desktop/PortfolioAdvisor/api-PortfolioAdvisor/app/application/requests/history_request_path.rb": {
        "lines": [
          null,
          null,
          1,
          1,
          null,
          1,
          1,
          2,
          2,
          2,
          null,
          null,
          1,
          null,
          null,
          null
        ]
      },
      "/mnt/c/Users/蔡琮鎰/Desktop/PortfolioAdvisor/api-PortfolioAdvisor/app/application/requests/target_list.rb": {
        "lines": [
          null,
          null,
          1,
          1,
          1,
          null,
          1,
          1,
          null,
          1,
          1,
          null,
          1,
          5,
          null,
          null,
          null,
          1,
          5,
          null,
          null,
          null,
          null,
          1,
          null,
          null,
          null,
          null,
          null,
          null,
          null,
          null,
          1,
          null,
          null,
          5,
          null,
          null,
          null,
          null,
          1,
          4,
          null,
          null,
          null,
          1,
          2,
          null,
          null,
          null,
          null
        ]
      },
      "/mnt/c/Users/蔡琮鎰/Desktop/PortfolioAdvisor/api-PortfolioAdvisor/app/application/requests/target_request_path.rb": {
        "lines": [
          null,
          null,
          1,
          1,
          null,
          1,
          1,
          1,
          1,
          1,
          null,
          null,
          1,
          null,
          null,
          null
        ]
      },
      "/mnt/c/Users/蔡琮鎰/Desktop/PortfolioAdvisor/api-PortfolioAdvisor/app/application/services/init.rb": {
        "lines": [
          null,
          null,
          1,
          5,
          null
        ]
      },
      "/mnt/c/Users/蔡琮鎰/Desktop/PortfolioAdvisor/api-PortfolioAdvisor/app/application/services/add_target.rb": {
        "lines": [
          null,
          null,
          1,
          null,
          1,
          1,
          null,
          1,
          1,
          null,
          1,
          1,
          null,
          1,
          1,
          null,
          1,
          null,
          1,
          1,
          1,
          null,
          1,
          8,
          null,
          1,
          1,
          null,
          null,
          null,
          0,
          null,
          null,
          7,
          null,
          6,
          null,
          2,
          null,
          null,
          1,
          null,
          6,
          5,
          1,
          0,
          null,
          1,
          null,
          null,
          1,
          null,
          5,
          5,
          5,
          null,
          null,
          null,
          1,
          8,
          null,
          null,
          1,
          0,
          null,
          0,
          null,
          null,
          1,
          7,
          2,
          null,
          5,
          null,
          null,
          null,
          null,
          2,
          2,
          2,
          null,
          null,
          1,
          5,
          5,
          null,
          null,
          null,
          null,
          null
        ]
      },
      "/mnt/c/Users/蔡琮鎰/Desktop/PortfolioAdvisor/api-PortfolioAdvisor/app/application/services/list_targets.rb": {
        "lines": [
          null,
          null,
          1,
          null,
          1,
          1,
          null,
          1,
          1,
          null,
          1,
          1,
          null,
          1,
          null,
          1,
          null,
          null,
          1,
          5,
          5,
          4,
          null,
          1,
          null,
          null,
          null,
          1,
          4,
          4,
          4,
          4,
          null,
          0,
          null,
          null,
          null,
          null,
          null,
          null
        ]
      },
      "/mnt/c/Users/蔡琮鎰/Desktop/PortfolioAdvisor/api-PortfolioAdvisor/app/application/services/result_history.rb": {
        "lines": [
          null,
          null,
          1,
          null,
          1,
          1,
          null,
          1,
          1,
          null,
          1,
          null,
          1,
          null,
          1,
          1,
          null,
          1,
          2,
          null,
          0,
          0,
          null,
          0,
          null,
          null,
          0,
          null,
          null,
          2,
          null,
          null,
          null,
          null
        ]
      },
      "/mnt/c/Users/蔡琮鎰/Desktop/PortfolioAdvisor/api-PortfolioAdvisor/app/application/services/result_target.rb": {
        "lines": [
          null,
          null,
          1,
          null,
          1,
          1,
          null,
          1,
          1,
          null,
          1,
          null,
          1,
          null,
          1,
          1,
          null,
          1,
          3,
          3,
          2,
          2,
          2,
          null,
          2,
          2,
          null,
          null,
          2,
          null,
          null,
          0,
          null,
          null,
          1,
          null,
          null,
          null,
          null
        ]
      },
      "/mnt/c/Users/蔡琮鎰/Desktop/PortfolioAdvisor/api-PortfolioAdvisor/app/application/controllers/init.rb": {
        "lines": [
          null,
          null,
          1,
          2,
          null
        ]
      },
      "/mnt/c/Users/蔡琮鎰/Desktop/PortfolioAdvisor/api-PortfolioAdvisor/app/application/controllers/app.rb": {
        "lines": [
          null,
          null,
          1,
          null,
          1,
          null,
          1,
          1,
          1,
          1,
          1,
          null,
          1,
          null,
          1,
          9,
          null,
          null,
          9,
          1,
          1,
          null,
          null,
          null,
          1,
          1,
          null,
          null,
          8,
          8,
          6,
          null,
          3,
          1,
          null,
          1,
          null,
          null,
          null,
          1,
          null,
          1,
          0,
          0,
          null,
          null,
          1,
          1,
          null,
          1,
          null,
          null,
          null,
          2,
          2,
          null,
          2,
          null,
          null,
          null,
          null,
          null,
          2,
          2,
          2,
          null,
          null,
          0,
          0,
          null,
          0,
          null,
          null,
          null,
          3,
          null,
          3,
          3,
          3,
          null,
          3,
          1,
          1,
          null,
          null,
          2,
          2,
          2,
          null,
          null,
          null,
          null,
          2,
          2,
          null,
          2,
          2,
          null,
          null,
          2,
          2,
          2,
          2,
          null,
          null,
          0,
          0,
          null,
          0,
          null,
          null,
          null,
          null,
          null,
          null,
          null
        ]
      },
      "/mnt/c/Users/蔡琮鎰/Desktop/PortfolioAdvisor/api-PortfolioAdvisor/spec/helpers/vcr_helper.rb": {
        "lines": [
          null,
          null,
          1,
          1,
          null,
          null,
          1,
          1,
          1,
          null,
          1,
          7,
          7,
          7,
          7,
          7,
          7,
          null,
          null,
          null,
          1,
          24,
          5758,
          5758,
          null,
          null,
          24,
          null,
          null,
          null,
          null,
          null,
          null,
          null,
          null,
          1,
          24,
          null,
          null
        ]
      },
      "/mnt/c/Users/蔡琮鎰/Desktop/PortfolioAdvisor/api-PortfolioAdvisor/spec/helpers/database_helper.rb": {
        "lines": [
          null,
          null,
          null,
          1,
          1,
          null,
          18,
          18,
          18,
          18,
          18,
          null,
          null
        ]
      },
      "/mnt/c/Users/蔡琮鎰/Desktop/PortfolioAdvisor/api-PortfolioAdvisor/spec/tests/integration/layers/gateway_database_spec.rb": {
        "lines": [
          null,
          null,
          1,
          1,
          1,
          null,
          1,
          1,
          null,
          1,
          1,
          null,
          null,
          1,
          1,
          null,
          null,
          1,
          1,
          1,
          null,
          null,
          1,
          1,
          null,
          null,
          null,
          1,
          null,
          1,
          1,
          null,
          1,
          15,
          120,
          null,
          null,
          15,
          null,
          null,
          null,
          null
        ]
      },
      "/mnt/c/Users/蔡琮鎰/Desktop/PortfolioAdvisor/api-PortfolioAdvisor/spec/tests/integration/services/add_target_spec.rb": {
        "lines": [
          null,
          null,
          1,
          1,
          1,
          null,
          1,
          1,
          null,
          1,
          3,
          null,
          null,
          1,
          3,
          null,
          null,
          1,
          1,
          3,
          null,
          null,
          1,
          null,
          1,
          null,
          null,
          null,
          null,
          1,
          null,
          null,
          null,
          null,
          1,
          0,
          null,
          1,
          null,
          null,
          1,
          null,
          1,
          1,
          1,
          0,
          null,
          0,
          0,
          0,
          null,
          null,
          0,
          0,
          null,
          null,
          null,
          1,
          null,
          1,
          null,
          null,
          null,
          null,
          0,
          null,
          null,
          null,
          null,
          0,
          null,
          null,
          0,
          0,
          null,
          null,
          0,
          0,
          0,
          0,
          null,
          0,
          0,
          0,
          null,
          null,
          0,
          0,
          null,
          null,
          null,
          1,
          null,
          1,
          null,
          null,
          null,
          null,
          1,
          1,
          null,
          null,
          null
        ]
      },
      "/mnt/c/Users/蔡琮鎰/Desktop/PortfolioAdvisor/api-PortfolioAdvisor/spec/tests/integration/services/list_targets_spec.rb": {
        "lines": [
          null,
          null,
          1,
          1,
          1,
          null,
          1,
          null,
          1,
          1,
          null,
          1,
          3,
          null,
          null,
          1,
          3,
          null,
          null,
          1,
          1,
          3,
          null,
          null,
          1,
          null,
          1,
          null,
          null,
          1,
          null,
          null,
          null,
          1,
          null,
          null,
          1,
          null,
          null,
          null,
          1,
          1,
          1,
          null,
          null,
          1,
          null,
          1,
          null,
          null,
          1,
          null,
          null,
          null,
          0,
          0,
          null,
          null,
          null,
          null,
          0,
          0,
          0,
          null,
          null,
          1,
          null,
          1,
          null,
          null,
          null,
          null,
          1,
          null,
          null,
          null,
          null,
          1,
          1,
          1,
          null,
          null,
          null
        ]
      },
      "/mnt/c/Users/蔡琮鎰/Desktop/PortfolioAdvisor/api-PortfolioAdvisor/spec/tests/integration/services/result_target_spec.rb": {
        "lines": [
          null,
          null,
          1,
          1,
          1,
          null,
          1,
          null,
          1,
          1,
          null,
          1,
          2,
          null,
          null,
          1,
          2,
          null,
          null,
          1,
          1,
          2,
          null,
          null,
          1,
          null,
          1,
          null,
          null,
          1,
          null,
          null,
          1,
          null,
          null,
          null,
          1,
          null,
          null,
          null,
          null,
          1,
          1,
          null,
          null,
          1,
          null,
          null,
          null,
          1,
          null,
          null,
          null,
          1,
          null,
          null,
          null,
          null,
          1,
          null,
          null,
          null
        ]
      },
      "/mnt/c/Users/蔡琮鎰/Desktop/PortfolioAdvisor/api-PortfolioAdvisor/spec/tests/unit/crawler_spec.rb": {
        "lines": [
          null,
          null,
          1,
          1,
          null,
          1,
          1,
          null,
          1,
          1,
          null,
          null,
          1,
          1,
          null,
          null,
          1,
          1,
          1,
          null,
          null,
          null,
          null
        ]
      },
      "/mnt/c/Users/蔡琮鎰/Desktop/PortfolioAdvisor/api-PortfolioAdvisor/spec/tests/unit/gateway_google_news_spec.rb": {
        "lines": [
          null,
          null,
          1,
          1,
          1,
          null,
          1,
          1,
          1,
          5,
          null,
          null,
          1,
          5,
          null,
          null,
          1,
          1,
          null,
          null,
          1,
          1,
          1,
          null,
          null,
          1,
          1,
          null,
          null,
          1,
          1,
          1,
          null,
          null,
          null,
          null,
          null,
          1,
          1,
          1,
          null,
          null,
          null,
          null,
          null,
          null,
          1,
          1,
          2,
          null,
          null,
          2,
          null,
          1,
          1,
          1,
          null,
          1,
          1,
          1,
          null,
          null,
          null
        ]
      }
    },
    "timestamp": 1640177179
  }
}
